


ARM Macro Assembler    Page 1 


    1 00000000         
    2 00000000         ; ------------------------------------------------------
                       -------------------------
    3 00000000                 THUMB                        ; Instruções do tip
                                                            o Thumb-2
    4 00000000         ; ------------------------------------------------------
                       -------------------------
    5 00000000         ; Declarações EQU - Defines
    6 00000000         ; ========================
    7 00000000         ; Definições dos Registradores Gerais
    8 00000000 400FE608 
                       SYSCTL_RCGCGPIO_R
                               EQU              0x400FE608
    9 00000000 400FEA08 
                       SYSCTL_PRGPIO_R
                               EQU              0x400FEA08
   10 00000000         ; ========================
   11 00000000         ; Definições dos Ports
   12 00000000         ; PORT J
   13 00000000 40060520 
                       GPIO_PORTJ_AHB_LOCK_R
                               EQU              0x40060520
   14 00000000 40060524 
                       GPIO_PORTJ_AHB_CR_R
                               EQU              0x40060524
   15 00000000 40060528 
                       GPIO_PORTJ_AHB_AMSEL_R
                               EQU              0x40060528
   16 00000000 4006052C 
                       GPIO_PORTJ_AHB_PCTL_R
                               EQU              0x4006052C
   17 00000000 40060400 
                       GPIO_PORTJ_AHB_DIR_R
                               EQU              0x40060400
   18 00000000 40060420 
                       GPIO_PORTJ_AHB_AFSEL_R
                               EQU              0x40060420
   19 00000000 4006051C 
                       GPIO_PORTJ_AHB_DEN_R
                               EQU              0x4006051C
   20 00000000 40060510 
                       GPIO_PORTJ_AHB_PUR_R
                               EQU              0x40060510
   21 00000000 400603FC 
                       GPIO_PORTJ_AHB_DATA_R
                               EQU              0x400603FC
   22 00000000 00000100 
                       GPIO_PORTJ
                               EQU              2_000000100000000
   23 00000000         
   24 00000000 40060404 
                       GPIO_PORTJ_AHB_IS_R
                               EQU              0x40060404
   25 00000000 40060408 
                       GPIO_PORTJ_AHB_IBE_R
                               EQU              0x40060408
   26 00000000 4006040C 
                       GPIO_PORTJ_AHB_IEV_R
                               EQU              0x4006040C



ARM Macro Assembler    Page 2 


   27 00000000 4006041C 
                       GPIO_PORTJ_AHB_ICR_R
                               EQU              0x4006041C
   28 00000000 40060410 
                       GPIO_PORTJ_AHB_IM_R
                               EQU              0x40060410
   29 00000000         
   30 00000000 40060414 
                       GPIO_PORTJ_AHB_RIS_R
                               EQU              0x40060414
   31 00000000 40060418 
                       GPIO_PORTJ_AHB_MIS_R
                               EQU              0x40060418
   32 00000000         
   33 00000000         ; PORT A
   34 00000000 40058520 
                       GPIO_PORTA_AHB_LOCK_R
                               EQU              0x40058520
   35 00000000 40058524 
                       GPIO_PORTA_AHB_CR_R
                               EQU              0x40058524
   36 00000000 40058528 
                       GPIO_PORTA_AHB_AMSEL_R
                               EQU              0x40058528
   37 00000000 4005852C 
                       GPIO_PORTA_AHB_PCTL_R
                               EQU              0x4005852C
   38 00000000 40058400 
                       GPIO_PORTA_AHB_DIR_R
                               EQU              0x40058400
   39 00000000 40058420 
                       GPIO_PORTA_AHB_AFSEL_R
                               EQU              0x40058420
   40 00000000 4005851C 
                       GPIO_PORTA_AHB_DEN_R
                               EQU              0x4005851C
   41 00000000 40058510 
                       GPIO_PORTA_AHB_PUR_R
                               EQU              0x40058510
   42 00000000 400583FC 
                       GPIO_PORTA_AHB_DATA_R
                               EQU              0x400583FC
   43 00000000 00000001 
                       GPIO_PORTA
                               EQU              2_000000000000001
   44 00000000         ; PORT B
   45 00000000 40059520 
                       GPIO_PORTB_AHB_LOCK_R
                               EQU              0x40059520
   46 00000000 40059524 
                       GPIO_PORTB_AHB_CR_R
                               EQU              0x40059524
   47 00000000 40059528 
                       GPIO_PORTB_AHB_AMSEL_R
                               EQU              0x40059528
   48 00000000 4005952C 
                       GPIO_PORTB_AHB_PCTL_R
                               EQU              0x4005952C
   49 00000000 40059400 



ARM Macro Assembler    Page 3 


                       GPIO_PORTB_AHB_DIR_R
                               EQU              0x40059400
   50 00000000 40059420 
                       GPIO_PORTB_AHB_AFSEL_R
                               EQU              0x40059420
   51 00000000 4005951C 
                       GPIO_PORTB_AHB_DEN_R
                               EQU              0x4005951C
   52 00000000 40059510 
                       GPIO_PORTB_AHB_PUR_R
                               EQU              0x40059510
   53 00000000 400593FC 
                       GPIO_PORTB_AHB_DATA_R
                               EQU              0x400593FC
   54 00000000 00000002 
                       GPIO_PORTB
                               EQU              2_000000000000010
   55 00000000         ; PORT Q
   56 00000000 40066520 
                       GPIO_PORTQ_AHB_LOCK_R
                               EQU              0x40066520
   57 00000000 40066524 
                       GPIO_PORTQ_AHB_CR_R
                               EQU              0x40066524
   58 00000000 40066528 
                       GPIO_PORTQ_AHB_AMSEL_R
                               EQU              0x40066528
   59 00000000 4006652C 
                       GPIO_PORTQ_AHB_PCTL_R
                               EQU              0x4006652C
   60 00000000 40066400 
                       GPIO_PORTQ_AHB_DIR_R
                               EQU              0x40066400
   61 00000000 40066420 
                       GPIO_PORTQ_AHB_AFSEL_R
                               EQU              0x40066420
   62 00000000 4006651C 
                       GPIO_PORTQ_AHB_DEN_R
                               EQU              0x4006651C
   63 00000000 40066510 
                       GPIO_PORTQ_AHB_PUR_R
                               EQU              0x40066510
   64 00000000 400663FC 
                       GPIO_PORTQ_AHB_DATA_R
                               EQU              0x400663FC
   65 00000000 00004000 
                       GPIO_PORTQ
                               EQU              2_100000000000000
   66 00000000         ; PORT P
   67 00000000 40065520 
                       GPIO_PORTP_AHB_LOCK_R
                               EQU              0x40065520
   68 00000000 40065524 
                       GPIO_PORTP_AHB_CR_R
                               EQU              0x40065524
   69 00000000 40065528 
                       GPIO_PORTP_AHB_AMSEL_R
                               EQU              0x40065528
   70 00000000 4006552C 



ARM Macro Assembler    Page 4 


                       GPIO_PORTP_AHB_PCTL_R
                               EQU              0x4006552C
   71 00000000 40065400 
                       GPIO_PORTP_AHB_DIR_R
                               EQU              0x40065400
   72 00000000 40065420 
                       GPIO_PORTP_AHB_AFSEL_R
                               EQU              0x40065420
   73 00000000 4006551C 
                       GPIO_PORTP_AHB_DEN_R
                               EQU              0x4006551C
   74 00000000 40065510 
                       GPIO_PORTP_AHB_PUR_R
                               EQU              0x40065510
   75 00000000 400653FC 
                       GPIO_PORTP_AHB_DATA_R
                               EQU              0x400653FC
   76 00000000 00002000 
                       GPIO_PORTP
                               EQU              2_010000000000000
   77 00000000         
   78 00000000         ; PORT K
   79 00000000 40061520 
                       GPIO_PORTK_AHB_LOCK_R
                               EQU              0x40061520
   80 00000000 40061524 
                       GPIO_PORTK_AHB_CR_R
                               EQU              0x40061524
   81 00000000 40061528 
                       GPIO_PORTK_AHB_AMSEL_R
                               EQU              0x40061528
   82 00000000 4006152C 
                       GPIO_PORTK_AHB_PCTL_R
                               EQU              0x4006152C
   83 00000000 40061400 
                       GPIO_PORTK_AHB_DIR_R
                               EQU              0x40061400
   84 00000000 40061420 
                       GPIO_PORTK_AHB_AFSEL_R
                               EQU              0x40061420
   85 00000000 4006151C 
                       GPIO_PORTK_AHB_DEN_R
                               EQU              0x4006151C
   86 00000000 40061510 
                       GPIO_PORTK_AHB_PUR_R
                               EQU              0x40061510
   87 00000000 400613FC 
                       GPIO_PORTK_AHB_DATA_R
                               EQU              0x400613FC
   88 00000000 00000200 
                       GPIO_PORTK
                               EQU              2_000001000000000
   89 00000000         
   90 00000000         ; PORT M
   91 00000000 40063520 
                       GPIO_PORTM_AHB_LOCK_R
                               EQU              0x40063520
   92 00000000 40063524 
                       GPIO_PORTM_AHB_CR_R



ARM Macro Assembler    Page 5 


                               EQU              0x40063524
   93 00000000 40063528 
                       GPIO_PORTM_AHB_AMSEL_R
                               EQU              0x40063528
   94 00000000 4006352C 
                       GPIO_PORTM_AHB_PCTL_R
                               EQU              0x4006352C
   95 00000000 40063400 
                       GPIO_PORTM_AHB_DIR_R
                               EQU              0x40063400
   96 00000000 40063420 
                       GPIO_PORTM_AHB_AFSEL_R
                               EQU              0x40063420
   97 00000000 4006351C 
                       GPIO_PORTM_AHB_DEN_R
                               EQU              0x4006351C
   98 00000000 40063510 
                       GPIO_PORTM_AHB_PUR_R
                               EQU              0x40063510
   99 00000000 400633FC 
                       GPIO_PORTM_AHB_DATA_R
                               EQU              0x400633FC
  100 00000000 00000800 
                       GPIO_PORTM
                               EQU              2_000100000000000
  101 00000000         
  102 00000000         ; PORT L
  103 00000000 40062520 
                       GPIO_PORTL_AHB_LOCK_R
                               EQU              0x40062520
  104 00000000 40062524 
                       GPIO_PORTL_AHB_CR_R
                               EQU              0x40062524
  105 00000000 40062528 
                       GPIO_PORTL_AHB_AMSEL_R
                               EQU              0x40062528
  106 00000000 4006252C 
                       GPIO_PORTL_AHB_PCTL_R
                               EQU              0x4006252C
  107 00000000 40062400 
                       GPIO_PORTL_AHB_DIR_R
                               EQU              0x40062400
  108 00000000 40062420 
                       GPIO_PORTL_AHB_AFSEL_R
                               EQU              0x40062420
  109 00000000 4006251C 
                       GPIO_PORTL_AHB_DEN_R
                               EQU              0x4006251C
  110 00000000 40062510 
                       GPIO_PORTL_AHB_PUR_R
                               EQU              0x40062510
  111 00000000 400623FC 
                       GPIO_PORTL_AHB_DATA_R
                               EQU              0x400623FC
  112 00000000 00000400 
                       GPIO_PORTL
                               EQU              2_000010000000000
  113 00000000         
  114 00000000         ;NVIC registers



ARM Macro Assembler    Page 6 


  115 00000000 E000E104 
                       NVIC_EN1_R
                               EQU              0xE000E104
  116 00000000 E000E430 
                       NVIC_PRI12_R
                               EQU              0xE000E430
  117 00000000         ; ------------------------------------------------------
                       -------------------------
  118 00000000         ; Área de Código - Tudo abaixo da diretiva a seguir será
                        armazenado na memória de 
  119 00000000         ;                  código
  120 00000000                 AREA             |.text|, CODE, READONLY, ALIGN=
2
  121 00000000         
  122 00000000         ; Se alguma função do arquivo for chamada em outro arqui
                       vo 
  123 00000000                 EXPORT           GPIO_Init   ; Permite chamar GP
                                                            IO_Init de outro ar
                                                            quivo
  124 00000000         ;  EXPORT  PortJ_Input          ; Permite chamar PortJ_I
                       nput de outro arquivo
  125 00000000                 EXPORT           limpaLCD
  126 00000000                 EXPORT           positionCursor
  127 00000000                 EXPORT           escreverDadoLCD
  128 00000000                 EXPORT           GPIOPortJ_Handler
  129 00000000                 IMPORT           SysTick_Wait1ms
  130 00000000         ;-------------------------------------------------------
                       -------------------------
  131 00000000         ; Função GPIO_Init
  132 00000000         ; Parâmetro de entrada: Não tem
  133 00000000         ; Parâmetro de saída: Não tem
  134 00000000         GPIO_Init
  135 00000000         ;=====================
  136 00000000         ; 1. Ativar o clock para a porta setando o bit correspon
                       dente no registrador RCGCGPIO,
  137 00000000         ; após isso verificar no PRGPIO se a porta está pronta p
                       ara uso.
  138 00000000         ; enable clock to GPIOF at clock gating register
  139 00000000 4891            LDR              R0, =SYSCTL_RCGCGPIO_R ;Carrega
                                                             o endereço do regi
                                                            strador RCGCGPIO
  140 00000002 F04F 0102       MOV              R1, #GPIO_PORTB ;Seta o bit da 
                                                            porta B
  141 00000006 F441 7180       ORR              R1, #GPIO_PORTJ ;Seta o bit da 
                                                            porta J, fazendo co
                                                            m OR
  142 0000000A F041 0101       ORR              R1, #GPIO_PORTA
  143 0000000E F441 4180       ORR              R1, #GPIO_PORTQ
  144 00000012 F441 5100       ORR              R1, #GPIO_PORTP
  145 00000016 F441 7100       ORR              R1, #GPIO_PORTK
  146 0000001A F441 6100       ORR              R1, #GPIO_PORTM
  147 0000001E F441 6180       ORR              R1, #GPIO_PORTL
  148 00000022 6001            STR              R1, [R0]    ;Move para a memóri
                                                            a os bits das porta
                                                            s no endereço do RC
                                                            GCGPIO
  149 00000024         
  150 00000024 4889            LDR              R0, =SYSCTL_PRGPIO_R ;Carrega o
                                                             endereço do PRGPIO



ARM Macro Assembler    Page 7 


                                                             para esperar os GP
                                                            IO ficarem prontos
  151 00000026 6801    EsperaGPIO
                               LDR              R1, [R0]    ;Lê da memória o co
                                                            nteúdo do endereço 
                                                            do registrador
  152 00000028 F04F 0202       MOV              R2, #GPIO_PORTB ;Seta os bits c
                                                            orrespondentes às p
                                                            ortas para fazer a 
                                                            comparação
  153 0000002C F442 7280       ORR              R2, #GPIO_PORTJ ;Seta o bit da 
                                                            porta J, fazendo co
                                                            m OR
  154 00000030 F042 0201       ORR              R2, #GPIO_PORTA
  155 00000034 F442 4280       ORR              R2, #GPIO_PORTQ
  156 00000038 F442 5200       ORR              R2, #GPIO_PORTP
  157 0000003C F442 7200       ORR              R2, #GPIO_PORTK
  158 00000040 F442 6200       ORR              R2, #GPIO_PORTM
  159 00000044 F442 6280       ORR              R2, #GPIO_PORTL
  160 00000048 4211            TST              R1, R2      ;ANDS de R1 com R2
  161 0000004A D0EC            BEQ              EsperaGPIO  ;Se o flag Z=1, vol
                                                            ta para o laço. Sen
                                                            ão continua executa
                                                            ndo
  162 0000004C         
  163 0000004C         ; 2. Limpar o AMSEL para desabilitar a analógica
  164 0000004C F04F 0100       MOV              R1, #0x00   ;Colocar 0 no regis
                                                            trador para desabil
                                                            itar a função analó
                                                            gica
  165 00000050 487F            LDR              R0, =GPIO_PORTJ_AHB_AMSEL_R ;Ca
                                                            rrega o R0 com o en
                                                            dereço do AMSEL par
                                                            a a porta J
  166 00000052 6001            STR              R1, [R0]    ;Guarda no registra
                                                            dor AMSEL da porta 
                                                            J da memória
  167 00000054 487F            LDR              R0, =GPIO_PORTB_AHB_AMSEL_R ;Ca
                                                            rrega o R0 com o en
                                                            dereço do AMSEL par
                                                            a a porta B
  168 00000056 6001            STR              R1, [R0]    ;Guarda no registra
                                                            dor AMSEL da porta 
                                                            B da memória
  169 00000058 487F            LDR              R0, =GPIO_PORTA_AHB_AMSEL_R ;Ca
                                                            rrega o R0 com o en
                                                            dereço do AMSEL par
                                                            a a porta B
  170 0000005A 6001            STR              R1, [R0]    ;Guarda no registra
                                                            dor AMSEL da porta 
                                                            B da memória
  171 0000005C 487F            LDR              R0, =GPIO_PORTQ_AHB_AMSEL_R ;Ca
                                                            rrega o R0 com o en
                                                            dereço do AMSEL par
                                                            a a porta B
  172 0000005E 6001            STR              R1, [R0]    ;Guarda no registra
                                                            dor AMSEL da porta 
                                                            B da memória
  173 00000060 487F            LDR              R0, =GPIO_PORTP_AHB_AMSEL_R ;Ca



ARM Macro Assembler    Page 8 


                                                            rrega o R0 com o en
                                                            dereço do AMSEL par
                                                            a a porta B
  174 00000062 6001            STR              R1, [R0]    ;Guarda no registra
                                                            dor AMSEL da porta 
                                                            B da memória
  175 00000064 487F            LDR              R0, =GPIO_PORTK_AHB_AMSEL_R ;Ca
                                                            rrega o R0 com o en
                                                            dereço do AMSEL par
                                                            a a porta B
  176 00000066 6001            STR              R1, [R0]    ;Guarda no registra
                                                            dor AMSEL da porta 
                                                            B da memória
  177 00000068 487F            LDR              R0, =GPIO_PORTM_AHB_AMSEL_R ;Ca
                                                            rrega o R0 com o en
                                                            dereço do AMSEL par
                                                            a a porta B
  178 0000006A 6001            STR              R1, [R0]    ;Guarda no registra
                                                            dor AMSEL da porta 
                                                            B da memória
  179 0000006C 487F            LDR              R0, =GPIO_PORTL_AHB_AMSEL_R ;Ca
                                                            rrega o R0 com o en
                                                            dereço do AMSEL par
                                                            a a porta B
  180 0000006E 6001            STR              R1, [R0]    ;Guarda no registra
                                                            dor AMSEL da porta 
                                                            B da memória
  181 00000070         
  182 00000070         ; 3. Limpar PCTL para selecionar o GPIO
  183 00000070 F04F 0100       MOV              R1, #0x00   ;Colocar 0 no regis
                                                            trador para selecio
                                                            nar o modo GPIO
  184 00000074 487E            LDR              R0, =GPIO_PORTJ_AHB_PCTL_R ;Car
                                                            rega o R0 com o end
                                                            ereço do PCTL para 
                                                            a porta J
  185 00000076 6001            STR              R1, [R0]    ;Guarda no registra
                                                            dor PCTL da porta J
                                                             da memória
  186 00000078 487E            LDR              R0, =GPIO_PORTB_AHB_PCTL_R ;Car
                                                            rega o R0 com o end
                                                            ereço do PCTL para 
                                                            a porta B
  187 0000007A 6001            STR              R1, [R0]    ;Guarda no registra
                                                            dor PCTL da porta B
                                                             da memória
  188 0000007C 487E            LDR              R0, =GPIO_PORTA_AHB_PCTL_R ;Car
                                                            rega o R0 com o end
                                                            ereço do PCTL para 
                                                            a porta B
  189 0000007E 6001            STR              R1, [R0]    ;Guarda no registra
                                                            dor PCTL da porta B
                                                             da memória 
  190 00000080 487E            LDR              R0, =GPIO_PORTQ_AHB_PCTL_R ;Car
                                                            rega o R0 com o end
                                                            ereço do PCTL para 
                                                            a porta B
  191 00000082 6001            STR              R1, [R0]    ;Guarda no registra
                                                            dor PCTL da porta B



ARM Macro Assembler    Page 9 


                                                             da memória
  192 00000084 487E            LDR              R0, =GPIO_PORTP_AHB_PCTL_R ;Car
                                                            rega o R0 com o end
                                                            ereço do PCTL para 
                                                            a porta B
  193 00000086 6001            STR              R1, [R0]    ;Guarda no registra
                                                            dor PCTL da porta B
                                                             da memória
  194 00000088 4876            LDR              R0, =GPIO_PORTK_AHB_AMSEL_R ;Ca
                                                            rrega o R0 com o en
                                                            dereço do AMSEL par
                                                            a a porta B
  195 0000008A 6001            STR              R1, [R0]    ;Guarda no registra
                                                            dor AMSEL da porta 
                                                            B da memória
  196 0000008C 4876            LDR              R0, =GPIO_PORTM_AHB_AMSEL_R ;Ca
                                                            rrega o R0 com o en
                                                            dereço do AMSEL par
                                                            a a porta B
  197 0000008E 6001            STR              R1, [R0]    ;Guarda no registra
                                                            dor AMSEL da porta 
                                                            B da memória
  198 00000090 4876            LDR              R0, =GPIO_PORTL_AHB_AMSEL_R ;Ca
                                                            rrega o R0 com o en
                                                            dereço do AMSEL par
                                                            a a porta B
  199 00000092 6001            STR              R1, [R0]    ;Guarda no registra
                                                            dor AMSEL da porta 
                                                            B da memória   
  200 00000094         ; 4. DIR para 0 se for entrada, 1 se for saída
  201 00000094 487B            LDR              R0, =GPIO_PORTB_AHB_DIR_R ;Carr
                                                            ega o R0 com o ende
                                                            reço do DIR para a 
                                                            porta B
  202 00000096 F04F 0130       MOV              R1, #2_00110000 ;PB4 & PB5 para
                                                             TRANSISTOR CONTROL
                                                            E DISPLAY
  203 0000009A 6001            STR              R1, [R0]    ;Guarda no registra
                                                            dor
  204 0000009C 487A            LDR              R0, =GPIO_PORTA_AHB_DIR_R ;Carr
                                                            ega o R0 com o ende
                                                            reço do DIR para a 
                                                            porta B
  205 0000009E F04F 01F0       MOV              R1, #2_11110000 ;PA de 4 a 7 pa
                                                            ra DISPLAY
  206 000000A2 6001            STR              R1, [R0]    ;Guarda no registra
                                                            dor
  207 000000A4 4879            LDR              R0, =GPIO_PORTQ_AHB_DIR_R ;Carr
                                                            ega o R0 com o ende
                                                            reço do DIR para a 
                                                            porta B
  208 000000A6 F04F 010F       MOV              R1, #2_00001111 ;PQ de 0 a 3 pa
                                                            ra DISPLAY
  209 000000AA 6001            STR              R1, [R0]    ;Guarda no registra
                                                            dor
  210 000000AC 4878            LDR              R0, =GPIO_PORTP_AHB_DIR_R ;Carr
                                                            ega o R0 com o ende
                                                            reço do DIR para a 
                                                            porta B



ARM Macro Assembler    Page 10 


  211 000000AE F04F 0120       MOV              R1, #2_00100000 ;P5 para TRANSI
                                                            STOR CONTROLE LED
  212 000000B2 6001            STR              R1, [R0]    ;Guarda no registra
                                                            dor
  213 000000B4         
  214 000000B4 4877            LDR              R0, =GPIO_PORTK_AHB_DIR_R ;Carr
                                                            ega o R0 com o ende
                                                            reço do DIR para a 
                                                            porta B
  215 000000B6 F04F 01FF       MOV              R1, #2_11111111 ;P5 para TRANSI
                                                            STOR CONTROLE LED
  216 000000BA 6001            STR              R1, [R0]    ;Guarda no registra
                                                            dor
  217 000000BC         
  218 000000BC 4876            LDR              R0, =GPIO_PORTM_AHB_DIR_R ;Carr
                                                            ega o R0 com o ende
                                                            reço do DIR para a 
                                                            porta B
  219 000000BE F04F 0107       MOV              R1, #2_00000111 ;P5 para TRANSI
                                                            STOR CONTROLE LED
  220 000000C2 6001            STR              R1, [R0]    ;Guarda no registra
                                                            dor
  221 000000C4         
  222 000000C4 4875            LDR              R0, =GPIO_PORTL_AHB_DIR_R ;Carr
                                                            ega o R0 com o ende
                                                            reço do DIR para a 
                                                            porta B
  223 000000C6 F04F 0100       MOV              R1, #2_00000000 ;P5 para TRANSI
                                                            STOR CONTROLE LED
  224 000000CA 6001            STR              R1, [R0]    ;Guarda no registra
                                                            dor
  225 000000CC         ; O certo era verificar os outros bits da PF para não tr
                       ansformar entradas em saídas desnecessárias
  226 000000CC 4874            LDR              R0, =GPIO_PORTJ_AHB_DIR_R ;Carr
                                                            ega o R0 com o ende
                                                            reço do DIR para a 
                                                            porta J
  227 000000CE F04F 0100       MOV              R1, #0x00   ;Colocar 0 no regis
                                                            trador DIR para fun
                                                            cionar com saída
  228 000000D2 6001            STR              R1, [R0]    ;Guarda no registra
                                                            dor PCTL da porta J
                                                             da memória
  229 000000D4         ; 5. Limpar os bits AFSEL para 0 para selecionar GPIO 
  230 000000D4         ;    Sem função alternativa
  231 000000D4 F04F 0100       MOV              R1, #0x00   ;Colocar o valor 0 
                                                            para não setar funç
                                                            ão alternativa
  232 000000D8 4872            LDR              R0, =GPIO_PORTB_AHB_AFSEL_R ;Ca
                                                            rrega o endereço do
                                                             AFSEL da porta B
  233 000000DA 6001            STR              R1, [R0]    ;Escreve na porta
  234 000000DC 4872            LDR              R0, =GPIO_PORTA_AHB_AFSEL_R ;Ca
                                                            rrega o endereço do
                                                             AFSEL da porta A
  235 000000DE 6001            STR              R1, [R0]    ;Escreve na porta
  236 000000E0 4872            LDR              R0, =GPIO_PORTQ_AHB_AFSEL_R ;Ca
                                                            rrega o endereço do
                                                             AFSEL da porta Q



ARM Macro Assembler    Page 11 


  237 000000E2 6001            STR              R1, [R0]    ;Escreve na porta
  238 000000E4 4872            LDR              R0, =GPIO_PORTP_AHB_AFSEL_R ;Ca
                                                            rrega o endereço do
                                                             AFSEL da porta P
  239 000000E6 6001            STR              R1, [R0]    ;Escreve na porta
  240 000000E8 4872            LDR              R0, =GPIO_PORTJ_AHB_AFSEL_R ;Ca
                                                            rrega o endereço do
                                                             AFSEL da porta J
  241 000000EA 6001            STR              R1, [R0]    ;Escreve na porta
  242 000000EC 4872            LDR              R0, =GPIO_PORTK_AHB_AFSEL_R ;Ca
                                                            rrega o endereço do
                                                             AFSEL da porta Q
  243 000000EE 6001            STR              R1, [R0]    ;Escreve na porta
  244 000000F0 4872            LDR              R0, =GPIO_PORTM_AHB_AFSEL_R ;Ca
                                                            rrega o endereço do
                                                             AFSEL da porta P
  245 000000F2 6001            STR              R1, [R0]    ;Escreve na porta
  246 000000F4 4872            LDR              R0, =GPIO_PORTL_AHB_AFSEL_R ;Ca
                                                            rrega o endereço do
                                                             AFSEL da porta J
  247 000000F6 6001            STR              R1, [R0]    ;Escreve na porta
  248 000000F8         
  249 000000F8         ; 6. Setar os bits de DEN para habilitar I/O digital
  250 000000F8 4872            LDR              R0, =GPIO_PORTB_AHB_DEN_R ;Carr
                                                            ega o endereço do D
                                                            EN
  251 000000FA F04F 0130       MOV              R1, #2_00110000 ;Ativa os pinos
                                                             PB5 e PB4 como I/O
                                                             Digital
  252 000000FE 6001            STR              R1, [R0]    ;Escreve no registr
                                                            ador da memória fun
                                                            cionalidade digital
                                                             
  253 00000100 4871            LDR              R0, =GPIO_PORTA_AHB_DEN_R ;Carr
                                                            ega o R0 com o ende
                                                            reço do DIR para a 
                                                            porta B
  254 00000102 F04F 01F0       MOV              R1, #2_11110000 ;PA de 4 a 7 pa
                                                            ra DISPLAY
  255 00000106 6001            STR              R1, [R0]    ;Guarda no registra
                                                            dor
  256 00000108 4870            LDR              R0, =GPIO_PORTQ_AHB_DEN_R ;Carr
                                                            ega o R0 com o ende
                                                            reço do DIR para a 
                                                            porta B
  257 0000010A F04F 010F       MOV              R1, #2_00001111 ;PQ de 0 a 3 pa
                                                            ra DISPLAY
  258 0000010E 6001            STR              R1, [R0]    ;Guarda no registra
                                                            dor
  259 00000110 486F            LDR              R0, =GPIO_PORTP_AHB_DEN_R ;Carr
                                                            ega o R0 com o ende
                                                            reço do DIR para a 
                                                            porta B
  260 00000112 F04F 0120       MOV              R1, #2_00100000 ;P5 para TRANSI
                                                            STOR CONTROLE LED
  261 00000116 6001            STR              R1, [R0]    ;Guarda no registra
                                                            dor
  262 00000118         
  263 00000118 486E            LDR              R0, =GPIO_PORTK_AHB_DEN_R ;Carr



ARM Macro Assembler    Page 12 


                                                            ega o R0 com o ende
                                                            reço do DIR para a 
                                                            porta B
  264 0000011A F04F 01FF       MOV              R1, #2_11111111 ;PA de 4 a 7 pa
                                                            ra DISPLAY
  265 0000011E 6001            STR              R1, [R0]    ;Guarda no registra
                                                            dor
  266 00000120 486D            LDR              R0, =GPIO_PORTM_AHB_DEN_R ;Carr
                                                            ega o R0 com o ende
                                                            reço do DIR para a 
                                                            porta B
  267 00000122 F04F 01F7       MOV              R1, #2_11110111 ;PQ de 0 a 3 pa
                                                            ra DISPLAY
  268 00000126 6001            STR              R1, [R0]    ;Guarda no registra
                                                            dor
  269 00000128 486C            LDR              R0, =GPIO_PORTL_AHB_DEN_R ;Carr
                                                            ega o R0 com o ende
                                                            reço do DIR para a 
                                                            porta B
  270 0000012A F04F 010F       MOV              R1, #2_00001111 ;P5 para TRANSI
                                                            STOR CONTROLE LED
  271 0000012E 6001            STR              R1, [R0]    ;Guarda no registra
                                                            dor
  272 00000130         
  273 00000130 486B            LDR              R0, =GPIO_PORTJ_AHB_DEN_R ;Carr
                                                            ega o endereço do D
                                                            EN
  274 00000132 F04F 0103       MOV              R1, #2_00000011 ;Ativa os pinos
                                                             PJ0 e PJ1 como I/O
                                                             Digital      
  275 00000136 6001            STR              R1, [R0]    ;Escreve no registr
                                                            ador da memória fun
                                                            cionalidade digital
                                                            
  276 00000138         
  277 00000138         ; 7. Para habilitar resistor de pull-up interno, setar P
                       UR para 1
  278 00000138 486A            LDR              R0, =GPIO_PORTJ_AHB_PUR_R ;Carr
                                                            ega o endereço do P
                                                            UR para a porta J
  279 0000013A F04F 0103       MOV              R1, #2_00000011 ;Habilitar func
                                                            ionalidade digital 
                                                            de resistor de pull
                                                            -up 
  280 0000013E         ;nos bits 0 e 1
  281 0000013E 6001            STR              R1, [R0]    ;Escreve no registr
                                                            ador da memória do 
                                                            resistor de pull-up
                                                            
  282 00000140         
  283 00000140         ; 8. Habilitando interrupção na portaJ
  284 00000140 4869            LDR              R0, =GPIO_PORTJ_AHB_IM_R
  285 00000142 F04F 0100       MOV              R1, #2_00000000
  286 00000146 6001            STR              R1, [R0]
  287 00000148         
  288 00000148 4868            LDR              R0, =GPIO_PORTJ_AHB_IS_R
  289 0000014A 6001            STR              R1, [R0]
  290 0000014C         
  291 0000014C 4868            LDR              R0, =GPIO_PORTJ_AHB_IBE_R



ARM Macro Assembler    Page 13 


  292 0000014E 6001            STR              R1, [R0]
  293 00000150         
  294 00000150 4868            LDR              R0, =GPIO_PORTJ_AHB_IEV_R
  295 00000152 F04F 0103       MOV              R1, #2_00000011
  296 00000156 6001            STR              R1, [R0]
  297 00000158         
  298 00000158 4867            LDR              R0, =GPIO_PORTJ_AHB_ICR_R
  299 0000015A F04F 0103       MOV              R1, #2_00000011
  300 0000015E 6001            STR              R1, [R0]
  301 00000160         
  302 00000160 4861            LDR              R0, =GPIO_PORTJ_AHB_IM_R
  303 00000162 F04F 0103       MOV              R1, #2_00000011
  304 00000166         
  305 00000166 4865            LDR              R0, =NVIC_EN1_R
  306 00000168 F04F 0101       MOV              R1, #1
  307 0000016C EA4F 41C1       LSL              R1, #19
  308 00000170 6001            STR              R1, [R0]
  309 00000172         
  310 00000172 4863            LDR              R0, =NVIC_PRI12_R
  311 00000174 F04F 0105       MOV              R1, #5
  312 00000178 EA4F 7141       LSL              R1, #29
  313 0000017C 6001            STR              R1, [R0]
  314 0000017E         ;retorno            
  315 0000017E 4770            BX               LR
  316 00000180         
  317 00000180         ; Função PortF_Output
  318 00000180         ; Parâmetro de entrada: R0 --> se os BIT4 e BIT0 estão l
                       igado ou desligado
  319 00000180         ; Parâmetro de saída: Não tem
  320 00000180         limpaLCD
  321 00000180 4960            LDR              R1, =GPIO_PORTM_AHB_DATA_R ;Car
                                                            rega o valor do off
                                                            set do data registe
                                                            r
  322 00000182         ;Read-Modify-Write para escrita
  323 00000182 F04F 0004       MOV              R0, #2_00000100
  324 00000186 680A            LDR              R2, [R1]
  325 00000188 F022 0207       BIC              R2, #2_00000111 ;Primeiro limpa
                                                            mos os dois bits do
                                                             lido da porta R2 =
                                                             R2 & 11101110
  326 0000018C EA40 0002       ORR              R0, R0, R2  ;Fazer o OR do lido
                                                             pela porta com o p
                                                            arâmetro de entrada
                                                            
  327 00000190 6008            STR              R0, [R1]    ;Escreve na porta A
                                                             o barramento de da
                                                            dos dos pinos A4 a 
                                                            A7
  328 00000192         ;limpar msm
  329 00000192 495D            LDR              R1, =GPIO_PORTK_AHB_DATA_R ;Car
                                                            rega o valor do off
                                                            set do data registe
                                                            r
  330 00000194         ;Read-Modify-Write para escrita
  331 00000194 680A            LDR              R2, [R1]
  332 00000196 F04F 0201       MOV              R2, #2_00000001 ;Primeiro limpa
                                                            mos os dois bits do
                                                             lido da porta R2 =



ARM Macro Assembler    Page 14 


                                                             R2 & 11101110
  333 0000019A 6008            STR              R0, [R1]    ;Escreve na porta A
                                                             o barramento de da
                                                            dos dos pinos A4 a 
                                                            A7
  334 0000019C         
  335 0000019C         ; p/ não ativar edição
  336 0000019C         
  337 0000019C         
  338 0000019C F04F 0000       MOV              R0, #2_00000000
  339 000001A0 680A            LDR              R2, [R1]
  340 000001A2 F022 0207       BIC              R2, #2_00000111 ;Primeiro limpa
                                                            mos os dois bits do
                                                             lido da porta R2 =
                                                             R2 & 11101110
  341 000001A6 EA40 0002       ORR              R0, R0, R2  ;Fazer o OR do lido
                                                             pela porta com o p
                                                            arâmetro de entrada
                                                            
  342 000001AA 6008            STR              R0, [R1]    ;Escreve na porta A
                                                             o barramento de da
                                                            dos dos pinos A4 a 
                                                            A7 
  343 000001AC         
  344 000001AC 4770            BX               LR
  345 000001AE         
  346 000001AE         positionCursor                       ;R0 é o parâmetro d
                                                            e entrada, R1~R3 es
                                                            tão ocupados
  347 000001AE 4955            LDR              R1, =GPIO_PORTM_AHB_DATA_R ;Car
                                                            rega o valor do off
                                                            set do data registe
                                                            r
  348 000001B0         ;Read-Modify-Write para escrita
  349 000001B0 F04F 0004       MOV              R0, #2_00000100
  350 000001B4 680A            LDR              R2, [R1]
  351 000001B6 F022 0207       BIC              R2, #2_00000111 ;Primeiro limpa
                                                            mos os dois bits do
                                                             lido da porta R2 =
                                                             R2 & 11101110
  352 000001BA EA40 0002       ORR              R0, R0, R2  ;Fazer o OR do lido
                                                             pela porta com o p
                                                            arâmetro de entrada
                                                            
  353 000001BE 6008            STR              R0, [R1]    ;Escreve na porta A
                                                             o barramento de da
                                                            dos dos pinos A4 a 
                                                            A7
  354 000001C0         
  355 000001C0 4951            LDR              R1, =GPIO_PORTK_AHB_DATA_R ;Car
                                                            rega o valor do off
                                                            set do data registe
                                                            r
  356 000001C2         ;Read-Modify-Write para escrita
  357 000001C2 680A            LDR              R2, [R1]
  358 000001C4 F022 02FF       BIC              R2, #0xFF   ;Primeiro limpamos 
                                                            os dois bits do lid
                                                            o da porta R2 = R2 
                                                            & 11101110



ARM Macro Assembler    Page 15 


  359 000001C8 EA40 0002       ORR              R0, R0, R2  ;Fazer o OR do lido
                                                             pela porta com o p
                                                            arâmetro de entrada
                                                            
  360 000001CC 6008            STR              R0, [R1]    ;Escreve na porta A
                                                             o barramento de da
                                                            dos dos pinos A4 a 
                                                            A7
  361 000001CE         
  362 000001CE         ; p/ não ativar edição
  363 000001CE         
  364 000001CE F04F 0000       MOV              R0, #2_00000000
  365 000001D2 680A            LDR              R2, [R1]
  366 000001D4 F022 0207       BIC              R2, #2_00000111 ;Primeiro limpa
                                                            mos os dois bits do
                                                             lido da porta R2 =
                                                             R2 & 11101110
  367 000001D8 EA40 0002       ORR              R0, R0, R2  ;Fazer o OR do lido
                                                             pela porta com o p
                                                            arâmetro de entrada
                                                            
  368 000001DC 6008            STR              R0, [R1]    ;Escreve na porta A
                                                             o barramento de da
                                                            dos dos pinos A4 a 
                                                            A7 
  369 000001DE         
  370 000001DE 4770            BX               LR
  371 000001E0         
  372 000001E0         escreverDadoLCD
  373 000001E0         ; p/ não ativar edição
  374 000001E0 4948            LDR              R1, =GPIO_PORTM_AHB_DATA_R ;Car
                                                            rega o valor do off
                                                            set do data registe
                                                            r
  375 000001E2         ;Read-Modify-Write para escrita
  376 000001E2 F04F 0005       MOV              R0, #2_00000101
  377 000001E6 680A            LDR              R2, [R1]
  378 000001E8 F022 0207       BIC              R2, #2_00000111 ;Primeiro limpa
                                                            mos os dois bits do
                                                             lido da porta R2 =
                                                             R2 & 11101110
  379 000001EC EA40 0002       ORR              R0, R0, R2  ;Fazer o OR do lido
                                                             pela porta com o p
                                                            arâmetro de entrada
                                                            
  380 000001F0 6008            STR              R0, [R1]    ;Escreve na porta A
                                                             o barramento de da
                                                            dos dos pinos A4 a 
                                                            A7
  381 000001F2         
  382 000001F2 4945            LDR              R1, =GPIO_PORTK_AHB_DATA_R ;Car
                                                            rega o valor do off
                                                            set do data registe
                                                            r
  383 000001F4         ;Read-Modify-Write para escrita
  384 000001F4 680A            LDR              R2, [R1]
  385 000001F6 F022 02FF       BIC              R2, #0xFF   ;Primeiro limpamos 
                                                            os dois bits do lid
                                                            o da porta R2 = R2 



ARM Macro Assembler    Page 16 


                                                            & 11101110
  386 000001FA EA40 0002       ORR              R0, R0, R2  ;Fazer o OR do lido
                                                             pela porta com o p
                                                            arâmetro de entrada
                                                            
  387 000001FE 6008            STR              R0, [R1]    ;Escreve na porta A
                                                             o barramento de da
                                                            dos dos pinos A4 a 
                                                            A7
  388 00000200         
  389 00000200         
  390 00000200         
  391 00000200 F04F 0001       MOV              R0, #2_00000001
  392 00000204 680A            LDR              R2, [R1]
  393 00000206 F022 0207       BIC              R2, #2_00000111 ;Primeiro limpa
                                                            mos os dois bits do
                                                             lido da porta R2 =
                                                             R2 & 11101110
  394 0000020A EA40 0002       ORR              R0, R0, R2  ;Fazer o OR do lido
                                                             pela porta com o p
                                                            arâmetro de entrada
                                                            
  395 0000020E 6008            STR              R0, [R1]    ;Escreve na porta A
                                                             o barramento de da
                                                            dos dos pinos A4 a 
                                                            A7 
  396 00000210         
  397 00000210 4770            BX               LR
  398 00000212         
  399 00000212         
  400 00000212         
  401 00000212 4770            BX               LR          ;Retorno
  402 00000214         ; ------------------------------------------------------
                       -------------------------
  403 00000214         ; Função PortJ_Input
  404 00000214         ; Parâmetro de entrada: Não tem
  405 00000214         ; Parâmetro de saída: R0 --> o valor da leitura
  406 00000214         ;PortJ_Input
  407 00000214         ; LDR R1, =GPIO_PORTJ_AHB_DATA_R      ;Carrega o valor d
                       o offset do data register
  408 00000214         ; LDR R0, [R1]                            ;Lê no barrame
                       nto de dados dos pinos [J1-J0]
  409 00000214         ; BX LR         ;Retorno
  410 00000214         GPIOPortJ_Handler
  411 00000214 493D            LDR              R1, =GPIO_PORTJ_AHB_RIS_R
  412 00000216 6808            LDR              R0, [R1]
  413 00000218         
  414 00000218 2801            CMP              R0, #1
  415 0000021A BF08 F10C 
              0C01             ADDEQ            R12, #1
  416 00000220 F1BC 0F0A       CMP              R12, #10
  417 00000224 BF08 F04F 
              0C09             MOVEQ            R12, #9
  418 0000022A         
  419 0000022A 2802            CMP              R0, #2
  420 0000022C BF08 F1AC 
              0C01             SUBEQ            R12, #1
  421 00000232 F1BC 0F00       CMP              R12, #0
  422 00000236 BF08 F04F 



ARM Macro Assembler    Page 17 


              0C01             MOVEQ            R12, #1
  423 0000023C         
  424 0000023C         
  425 0000023C F04F 0103       MOV              R1, #2_00000011
  426 00000240 4A2D            LDR              R2, =GPIO_PORTJ_AHB_ICR_R
  427 00000242 6011            STR              R1, [R2]
  428 00000244         
  429 00000244 4770            BX               LR
  430 00000246         
  431 00000246         
  432 00000246 00 00           ALIGN                        ; garante que o fim
                                                             da seção está alin
                                                            hada 
  433 00000248                 END                          ; fim do arquivo
              400FE608 
              400FEA08 
              40060528 
              40059528 
              40058528 
              40066528 
              40065528 
              40061528 
              40063528 
              40062528 
              4006052C 
              4005952C 
              4005852C 
              4006652C 
              4006552C 
              40059400 
              40058400 
              40066400 
              40065400 
              40061400 
              40063400 
              40062400 
              40060400 
              40059420 
              40058420 
              40066420 
              40065420 
              40060420 
              40061420 
              40063420 
              40062420 
              4005951C 
              4005851C 
              4006651C 
              4006551C 
              4006151C 
              4006351C 
              4006251C 
              4006051C 
              40060510 
              40060410 
              40060404 
              40060408 
              4006040C 
              4006041C 



ARM Macro Assembler    Page 18 


              E000E104 
              E000E430 
              400633FC 
              400613FC 
              40060414 
Command Line: --debug --xref --diag_suppress=9931 --cpu=Cortex-M4.fp --apcs=int
erwork --depend=.\objects\gpio.d -o.\objects\gpio.o -I"E:\Sis Micro\lab02\RTE" 
-IC:\Keil_v5\ARM\PACK\Keil\TM4C_DFP\1.1.0\Device\Include\TM4C129 -IC:\Keil_v5\A
RM\CMSIS\Include --predefine="__EVAL SETA 1" --predefine="__UVISION_VERSION SET
A 518" --predefine="TM4C1294NCPDT SETA 1" --list=.\listings\gpio.lst gpio.s



ARM Macro Assembler    Page 1 Alphabetic symbol ordering
Relocatable symbols

.text 00000000

Symbol: .text
   Definitions
      At line 120 in file gpio.s
   Uses
      None
Comment: .text unused
EsperaGPIO 00000026

Symbol: EsperaGPIO
   Definitions
      At line 151 in file gpio.s
   Uses
      At line 161 in file gpio.s
Comment: EsperaGPIO used once
GPIOPortJ_Handler 00000214

Symbol: GPIOPortJ_Handler
   Definitions
      At line 410 in file gpio.s
   Uses
      At line 128 in file gpio.s
Comment: GPIOPortJ_Handler used once
GPIO_Init 00000000

Symbol: GPIO_Init
   Definitions
      At line 134 in file gpio.s
   Uses
      At line 123 in file gpio.s
Comment: GPIO_Init used once
escreverDadoLCD 000001E0

Symbol: escreverDadoLCD
   Definitions
      At line 372 in file gpio.s
   Uses
      At line 127 in file gpio.s
Comment: escreverDadoLCD used once
limpaLCD 00000180

Symbol: limpaLCD
   Definitions
      At line 320 in file gpio.s
   Uses
      At line 125 in file gpio.s
Comment: limpaLCD used once
positionCursor 000001AE

Symbol: positionCursor
   Definitions
      At line 346 in file gpio.s
   Uses
      At line 126 in file gpio.s
Comment: positionCursor used once
7 symbols



ARM Macro Assembler    Page 1 Alphabetic symbol ordering
Absolute symbols

GPIO_PORTA 00000001

Symbol: GPIO_PORTA
   Definitions
      At line 43 in file gpio.s
   Uses
      At line 142 in file gpio.s
      At line 154 in file gpio.s

GPIO_PORTA_AHB_AFSEL_R 40058420

Symbol: GPIO_PORTA_AHB_AFSEL_R
   Definitions
      At line 39 in file gpio.s
   Uses
      At line 234 in file gpio.s
Comment: GPIO_PORTA_AHB_AFSEL_R used once
GPIO_PORTA_AHB_AMSEL_R 40058528

Symbol: GPIO_PORTA_AHB_AMSEL_R
   Definitions
      At line 36 in file gpio.s
   Uses
      At line 169 in file gpio.s
Comment: GPIO_PORTA_AHB_AMSEL_R used once
GPIO_PORTA_AHB_CR_R 40058524

Symbol: GPIO_PORTA_AHB_CR_R
   Definitions
      At line 35 in file gpio.s
   Uses
      None
Comment: GPIO_PORTA_AHB_CR_R unused
GPIO_PORTA_AHB_DATA_R 400583FC

Symbol: GPIO_PORTA_AHB_DATA_R
   Definitions
      At line 42 in file gpio.s
   Uses
      None
Comment: GPIO_PORTA_AHB_DATA_R unused
GPIO_PORTA_AHB_DEN_R 4005851C

Symbol: GPIO_PORTA_AHB_DEN_R
   Definitions
      At line 40 in file gpio.s
   Uses
      At line 253 in file gpio.s
Comment: GPIO_PORTA_AHB_DEN_R used once
GPIO_PORTA_AHB_DIR_R 40058400

Symbol: GPIO_PORTA_AHB_DIR_R
   Definitions
      At line 38 in file gpio.s
   Uses
      At line 204 in file gpio.s
Comment: GPIO_PORTA_AHB_DIR_R used once
GPIO_PORTA_AHB_LOCK_R 40058520




ARM Macro Assembler    Page 2 Alphabetic symbol ordering
Absolute symbols

Symbol: GPIO_PORTA_AHB_LOCK_R
   Definitions
      At line 34 in file gpio.s
   Uses
      None
Comment: GPIO_PORTA_AHB_LOCK_R unused
GPIO_PORTA_AHB_PCTL_R 4005852C

Symbol: GPIO_PORTA_AHB_PCTL_R
   Definitions
      At line 37 in file gpio.s
   Uses
      At line 188 in file gpio.s
Comment: GPIO_PORTA_AHB_PCTL_R used once
GPIO_PORTA_AHB_PUR_R 40058510

Symbol: GPIO_PORTA_AHB_PUR_R
   Definitions
      At line 41 in file gpio.s
   Uses
      None
Comment: GPIO_PORTA_AHB_PUR_R unused
GPIO_PORTB 00000002

Symbol: GPIO_PORTB
   Definitions
      At line 54 in file gpio.s
   Uses
      At line 140 in file gpio.s
      At line 152 in file gpio.s

GPIO_PORTB_AHB_AFSEL_R 40059420

Symbol: GPIO_PORTB_AHB_AFSEL_R
   Definitions
      At line 50 in file gpio.s
   Uses
      At line 232 in file gpio.s
Comment: GPIO_PORTB_AHB_AFSEL_R used once
GPIO_PORTB_AHB_AMSEL_R 40059528

Symbol: GPIO_PORTB_AHB_AMSEL_R
   Definitions
      At line 47 in file gpio.s
   Uses
      At line 167 in file gpio.s
Comment: GPIO_PORTB_AHB_AMSEL_R used once
GPIO_PORTB_AHB_CR_R 40059524

Symbol: GPIO_PORTB_AHB_CR_R
   Definitions
      At line 46 in file gpio.s
   Uses
      None
Comment: GPIO_PORTB_AHB_CR_R unused
GPIO_PORTB_AHB_DATA_R 400593FC

Symbol: GPIO_PORTB_AHB_DATA_R
   Definitions



ARM Macro Assembler    Page 3 Alphabetic symbol ordering
Absolute symbols

      At line 53 in file gpio.s
   Uses
      None
Comment: GPIO_PORTB_AHB_DATA_R unused
GPIO_PORTB_AHB_DEN_R 4005951C

Symbol: GPIO_PORTB_AHB_DEN_R
   Definitions
      At line 51 in file gpio.s
   Uses
      At line 250 in file gpio.s
Comment: GPIO_PORTB_AHB_DEN_R used once
GPIO_PORTB_AHB_DIR_R 40059400

Symbol: GPIO_PORTB_AHB_DIR_R
   Definitions
      At line 49 in file gpio.s
   Uses
      At line 201 in file gpio.s
Comment: GPIO_PORTB_AHB_DIR_R used once
GPIO_PORTB_AHB_LOCK_R 40059520

Symbol: GPIO_PORTB_AHB_LOCK_R
   Definitions
      At line 45 in file gpio.s
   Uses
      None
Comment: GPIO_PORTB_AHB_LOCK_R unused
GPIO_PORTB_AHB_PCTL_R 4005952C

Symbol: GPIO_PORTB_AHB_PCTL_R
   Definitions
      At line 48 in file gpio.s
   Uses
      At line 186 in file gpio.s
Comment: GPIO_PORTB_AHB_PCTL_R used once
GPIO_PORTB_AHB_PUR_R 40059510

Symbol: GPIO_PORTB_AHB_PUR_R
   Definitions
      At line 52 in file gpio.s
   Uses
      None
Comment: GPIO_PORTB_AHB_PUR_R unused
GPIO_PORTJ 00000100

Symbol: GPIO_PORTJ
   Definitions
      At line 22 in file gpio.s
   Uses
      At line 141 in file gpio.s
      At line 153 in file gpio.s

GPIO_PORTJ_AHB_AFSEL_R 40060420

Symbol: GPIO_PORTJ_AHB_AFSEL_R
   Definitions
      At line 18 in file gpio.s
   Uses



ARM Macro Assembler    Page 4 Alphabetic symbol ordering
Absolute symbols

      At line 240 in file gpio.s
Comment: GPIO_PORTJ_AHB_AFSEL_R used once
GPIO_PORTJ_AHB_AMSEL_R 40060528

Symbol: GPIO_PORTJ_AHB_AMSEL_R
   Definitions
      At line 15 in file gpio.s
   Uses
      At line 165 in file gpio.s
Comment: GPIO_PORTJ_AHB_AMSEL_R used once
GPIO_PORTJ_AHB_CR_R 40060524

Symbol: GPIO_PORTJ_AHB_CR_R
   Definitions
      At line 14 in file gpio.s
   Uses
      None
Comment: GPIO_PORTJ_AHB_CR_R unused
GPIO_PORTJ_AHB_DATA_R 400603FC

Symbol: GPIO_PORTJ_AHB_DATA_R
   Definitions
      At line 21 in file gpio.s
   Uses
      None
Comment: GPIO_PORTJ_AHB_DATA_R unused
GPIO_PORTJ_AHB_DEN_R 4006051C

Symbol: GPIO_PORTJ_AHB_DEN_R
   Definitions
      At line 19 in file gpio.s
   Uses
      At line 273 in file gpio.s
Comment: GPIO_PORTJ_AHB_DEN_R used once
GPIO_PORTJ_AHB_DIR_R 40060400

Symbol: GPIO_PORTJ_AHB_DIR_R
   Definitions
      At line 17 in file gpio.s
   Uses
      At line 226 in file gpio.s
Comment: GPIO_PORTJ_AHB_DIR_R used once
GPIO_PORTJ_AHB_IBE_R 40060408

Symbol: GPIO_PORTJ_AHB_IBE_R
   Definitions
      At line 25 in file gpio.s
   Uses
      At line 291 in file gpio.s
Comment: GPIO_PORTJ_AHB_IBE_R used once
GPIO_PORTJ_AHB_ICR_R 4006041C

Symbol: GPIO_PORTJ_AHB_ICR_R
   Definitions
      At line 27 in file gpio.s
   Uses
      At line 298 in file gpio.s
      At line 426 in file gpio.s




ARM Macro Assembler    Page 5 Alphabetic symbol ordering
Absolute symbols

GPIO_PORTJ_AHB_IEV_R 4006040C

Symbol: GPIO_PORTJ_AHB_IEV_R
   Definitions
      At line 26 in file gpio.s
   Uses
      At line 294 in file gpio.s
Comment: GPIO_PORTJ_AHB_IEV_R used once
GPIO_PORTJ_AHB_IM_R 40060410

Symbol: GPIO_PORTJ_AHB_IM_R
   Definitions
      At line 28 in file gpio.s
   Uses
      At line 284 in file gpio.s
      At line 302 in file gpio.s

GPIO_PORTJ_AHB_IS_R 40060404

Symbol: GPIO_PORTJ_AHB_IS_R
   Definitions
      At line 24 in file gpio.s
   Uses
      At line 288 in file gpio.s
Comment: GPIO_PORTJ_AHB_IS_R used once
GPIO_PORTJ_AHB_LOCK_R 40060520

Symbol: GPIO_PORTJ_AHB_LOCK_R
   Definitions
      At line 13 in file gpio.s
   Uses
      None
Comment: GPIO_PORTJ_AHB_LOCK_R unused
GPIO_PORTJ_AHB_MIS_R 40060418

Symbol: GPIO_PORTJ_AHB_MIS_R
   Definitions
      At line 31 in file gpio.s
   Uses
      None
Comment: GPIO_PORTJ_AHB_MIS_R unused
GPIO_PORTJ_AHB_PCTL_R 4006052C

Symbol: GPIO_PORTJ_AHB_PCTL_R
   Definitions
      At line 16 in file gpio.s
   Uses
      At line 184 in file gpio.s
Comment: GPIO_PORTJ_AHB_PCTL_R used once
GPIO_PORTJ_AHB_PUR_R 40060510

Symbol: GPIO_PORTJ_AHB_PUR_R
   Definitions
      At line 20 in file gpio.s
   Uses
      At line 278 in file gpio.s
Comment: GPIO_PORTJ_AHB_PUR_R used once
GPIO_PORTJ_AHB_RIS_R 40060414




ARM Macro Assembler    Page 6 Alphabetic symbol ordering
Absolute symbols

Symbol: GPIO_PORTJ_AHB_RIS_R
   Definitions
      At line 30 in file gpio.s
   Uses
      At line 411 in file gpio.s
Comment: GPIO_PORTJ_AHB_RIS_R used once
GPIO_PORTK 00000200

Symbol: GPIO_PORTK
   Definitions
      At line 88 in file gpio.s
   Uses
      At line 145 in file gpio.s
      At line 157 in file gpio.s

GPIO_PORTK_AHB_AFSEL_R 40061420

Symbol: GPIO_PORTK_AHB_AFSEL_R
   Definitions
      At line 84 in file gpio.s
   Uses
      At line 242 in file gpio.s
Comment: GPIO_PORTK_AHB_AFSEL_R used once
GPIO_PORTK_AHB_AMSEL_R 40061528

Symbol: GPIO_PORTK_AHB_AMSEL_R
   Definitions
      At line 81 in file gpio.s
   Uses
      At line 175 in file gpio.s
      At line 194 in file gpio.s

GPIO_PORTK_AHB_CR_R 40061524

Symbol: GPIO_PORTK_AHB_CR_R
   Definitions
      At line 80 in file gpio.s
   Uses
      None
Comment: GPIO_PORTK_AHB_CR_R unused
GPIO_PORTK_AHB_DATA_R 400613FC

Symbol: GPIO_PORTK_AHB_DATA_R
   Definitions
      At line 87 in file gpio.s
   Uses
      At line 329 in file gpio.s
      At line 355 in file gpio.s
      At line 382 in file gpio.s

GPIO_PORTK_AHB_DEN_R 4006151C

Symbol: GPIO_PORTK_AHB_DEN_R
   Definitions
      At line 85 in file gpio.s
   Uses
      At line 263 in file gpio.s
Comment: GPIO_PORTK_AHB_DEN_R used once
GPIO_PORTK_AHB_DIR_R 40061400



ARM Macro Assembler    Page 7 Alphabetic symbol ordering
Absolute symbols


Symbol: GPIO_PORTK_AHB_DIR_R
   Definitions
      At line 83 in file gpio.s
   Uses
      At line 214 in file gpio.s
Comment: GPIO_PORTK_AHB_DIR_R used once
GPIO_PORTK_AHB_LOCK_R 40061520

Symbol: GPIO_PORTK_AHB_LOCK_R
   Definitions
      At line 79 in file gpio.s
   Uses
      None
Comment: GPIO_PORTK_AHB_LOCK_R unused
GPIO_PORTK_AHB_PCTL_R 4006152C

Symbol: GPIO_PORTK_AHB_PCTL_R
   Definitions
      At line 82 in file gpio.s
   Uses
      None
Comment: GPIO_PORTK_AHB_PCTL_R unused
GPIO_PORTK_AHB_PUR_R 40061510

Symbol: GPIO_PORTK_AHB_PUR_R
   Definitions
      At line 86 in file gpio.s
   Uses
      None
Comment: GPIO_PORTK_AHB_PUR_R unused
GPIO_PORTL 00000400

Symbol: GPIO_PORTL
   Definitions
      At line 112 in file gpio.s
   Uses
      At line 147 in file gpio.s
      At line 159 in file gpio.s

GPIO_PORTL_AHB_AFSEL_R 40062420

Symbol: GPIO_PORTL_AHB_AFSEL_R
   Definitions
      At line 108 in file gpio.s
   Uses
      At line 246 in file gpio.s
Comment: GPIO_PORTL_AHB_AFSEL_R used once
GPIO_PORTL_AHB_AMSEL_R 40062528

Symbol: GPIO_PORTL_AHB_AMSEL_R
   Definitions
      At line 105 in file gpio.s
   Uses
      At line 179 in file gpio.s
      At line 198 in file gpio.s

GPIO_PORTL_AHB_CR_R 40062524




ARM Macro Assembler    Page 8 Alphabetic symbol ordering
Absolute symbols

Symbol: GPIO_PORTL_AHB_CR_R
   Definitions
      At line 104 in file gpio.s
   Uses
      None
Comment: GPIO_PORTL_AHB_CR_R unused
GPIO_PORTL_AHB_DATA_R 400623FC

Symbol: GPIO_PORTL_AHB_DATA_R
   Definitions
      At line 111 in file gpio.s
   Uses
      None
Comment: GPIO_PORTL_AHB_DATA_R unused
GPIO_PORTL_AHB_DEN_R 4006251C

Symbol: GPIO_PORTL_AHB_DEN_R
   Definitions
      At line 109 in file gpio.s
   Uses
      At line 269 in file gpio.s
Comment: GPIO_PORTL_AHB_DEN_R used once
GPIO_PORTL_AHB_DIR_R 40062400

Symbol: GPIO_PORTL_AHB_DIR_R
   Definitions
      At line 107 in file gpio.s
   Uses
      At line 222 in file gpio.s
Comment: GPIO_PORTL_AHB_DIR_R used once
GPIO_PORTL_AHB_LOCK_R 40062520

Symbol: GPIO_PORTL_AHB_LOCK_R
   Definitions
      At line 103 in file gpio.s
   Uses
      None
Comment: GPIO_PORTL_AHB_LOCK_R unused
GPIO_PORTL_AHB_PCTL_R 4006252C

Symbol: GPIO_PORTL_AHB_PCTL_R
   Definitions
      At line 106 in file gpio.s
   Uses
      None
Comment: GPIO_PORTL_AHB_PCTL_R unused
GPIO_PORTL_AHB_PUR_R 40062510

Symbol: GPIO_PORTL_AHB_PUR_R
   Definitions
      At line 110 in file gpio.s
   Uses
      None
Comment: GPIO_PORTL_AHB_PUR_R unused
GPIO_PORTM 00000800

Symbol: GPIO_PORTM
   Definitions
      At line 100 in file gpio.s



ARM Macro Assembler    Page 9 Alphabetic symbol ordering
Absolute symbols

   Uses
      At line 146 in file gpio.s
      At line 158 in file gpio.s

GPIO_PORTM_AHB_AFSEL_R 40063420

Symbol: GPIO_PORTM_AHB_AFSEL_R
   Definitions
      At line 96 in file gpio.s
   Uses
      At line 244 in file gpio.s
Comment: GPIO_PORTM_AHB_AFSEL_R used once
GPIO_PORTM_AHB_AMSEL_R 40063528

Symbol: GPIO_PORTM_AHB_AMSEL_R
   Definitions
      At line 93 in file gpio.s
   Uses
      At line 177 in file gpio.s
      At line 196 in file gpio.s

GPIO_PORTM_AHB_CR_R 40063524

Symbol: GPIO_PORTM_AHB_CR_R
   Definitions
      At line 92 in file gpio.s
   Uses
      None
Comment: GPIO_PORTM_AHB_CR_R unused
GPIO_PORTM_AHB_DATA_R 400633FC

Symbol: GPIO_PORTM_AHB_DATA_R
   Definitions
      At line 99 in file gpio.s
   Uses
      At line 321 in file gpio.s
      At line 347 in file gpio.s
      At line 374 in file gpio.s

GPIO_PORTM_AHB_DEN_R 4006351C

Symbol: GPIO_PORTM_AHB_DEN_R
   Definitions
      At line 97 in file gpio.s
   Uses
      At line 266 in file gpio.s
Comment: GPIO_PORTM_AHB_DEN_R used once
GPIO_PORTM_AHB_DIR_R 40063400

Symbol: GPIO_PORTM_AHB_DIR_R
   Definitions
      At line 95 in file gpio.s
   Uses
      At line 218 in file gpio.s
Comment: GPIO_PORTM_AHB_DIR_R used once
GPIO_PORTM_AHB_LOCK_R 40063520

Symbol: GPIO_PORTM_AHB_LOCK_R
   Definitions



ARM Macro Assembler    Page 10 Alphabetic symbol ordering
Absolute symbols

      At line 91 in file gpio.s
   Uses
      None
Comment: GPIO_PORTM_AHB_LOCK_R unused
GPIO_PORTM_AHB_PCTL_R 4006352C

Symbol: GPIO_PORTM_AHB_PCTL_R
   Definitions
      At line 94 in file gpio.s
   Uses
      None
Comment: GPIO_PORTM_AHB_PCTL_R unused
GPIO_PORTM_AHB_PUR_R 40063510

Symbol: GPIO_PORTM_AHB_PUR_R
   Definitions
      At line 98 in file gpio.s
   Uses
      None
Comment: GPIO_PORTM_AHB_PUR_R unused
GPIO_PORTP 00002000

Symbol: GPIO_PORTP
   Definitions
      At line 76 in file gpio.s
   Uses
      At line 144 in file gpio.s
      At line 156 in file gpio.s

GPIO_PORTP_AHB_AFSEL_R 40065420

Symbol: GPIO_PORTP_AHB_AFSEL_R
   Definitions
      At line 72 in file gpio.s
   Uses
      At line 238 in file gpio.s
Comment: GPIO_PORTP_AHB_AFSEL_R used once
GPIO_PORTP_AHB_AMSEL_R 40065528

Symbol: GPIO_PORTP_AHB_AMSEL_R
   Definitions
      At line 69 in file gpio.s
   Uses
      At line 173 in file gpio.s
Comment: GPIO_PORTP_AHB_AMSEL_R used once
GPIO_PORTP_AHB_CR_R 40065524

Symbol: GPIO_PORTP_AHB_CR_R
   Definitions
      At line 68 in file gpio.s
   Uses
      None
Comment: GPIO_PORTP_AHB_CR_R unused
GPIO_PORTP_AHB_DATA_R 400653FC

Symbol: GPIO_PORTP_AHB_DATA_R
   Definitions
      At line 75 in file gpio.s
   Uses



ARM Macro Assembler    Page 11 Alphabetic symbol ordering
Absolute symbols

      None
Comment: GPIO_PORTP_AHB_DATA_R unused
GPIO_PORTP_AHB_DEN_R 4006551C

Symbol: GPIO_PORTP_AHB_DEN_R
   Definitions
      At line 73 in file gpio.s
   Uses
      At line 259 in file gpio.s
Comment: GPIO_PORTP_AHB_DEN_R used once
GPIO_PORTP_AHB_DIR_R 40065400

Symbol: GPIO_PORTP_AHB_DIR_R
   Definitions
      At line 71 in file gpio.s
   Uses
      At line 210 in file gpio.s
Comment: GPIO_PORTP_AHB_DIR_R used once
GPIO_PORTP_AHB_LOCK_R 40065520

Symbol: GPIO_PORTP_AHB_LOCK_R
   Definitions
      At line 67 in file gpio.s
   Uses
      None
Comment: GPIO_PORTP_AHB_LOCK_R unused
GPIO_PORTP_AHB_PCTL_R 4006552C

Symbol: GPIO_PORTP_AHB_PCTL_R
   Definitions
      At line 70 in file gpio.s
   Uses
      At line 192 in file gpio.s
Comment: GPIO_PORTP_AHB_PCTL_R used once
GPIO_PORTP_AHB_PUR_R 40065510

Symbol: GPIO_PORTP_AHB_PUR_R
   Definitions
      At line 74 in file gpio.s
   Uses
      None
Comment: GPIO_PORTP_AHB_PUR_R unused
GPIO_PORTQ 00004000

Symbol: GPIO_PORTQ
   Definitions
      At line 65 in file gpio.s
   Uses
      At line 143 in file gpio.s
      At line 155 in file gpio.s

GPIO_PORTQ_AHB_AFSEL_R 40066420

Symbol: GPIO_PORTQ_AHB_AFSEL_R
   Definitions
      At line 61 in file gpio.s
   Uses
      At line 236 in file gpio.s
Comment: GPIO_PORTQ_AHB_AFSEL_R used once



ARM Macro Assembler    Page 12 Alphabetic symbol ordering
Absolute symbols

GPIO_PORTQ_AHB_AMSEL_R 40066528

Symbol: GPIO_PORTQ_AHB_AMSEL_R
   Definitions
      At line 58 in file gpio.s
   Uses
      At line 171 in file gpio.s
Comment: GPIO_PORTQ_AHB_AMSEL_R used once
GPIO_PORTQ_AHB_CR_R 40066524

Symbol: GPIO_PORTQ_AHB_CR_R
   Definitions
      At line 57 in file gpio.s
   Uses
      None
Comment: GPIO_PORTQ_AHB_CR_R unused
GPIO_PORTQ_AHB_DATA_R 400663FC

Symbol: GPIO_PORTQ_AHB_DATA_R
   Definitions
      At line 64 in file gpio.s
   Uses
      None
Comment: GPIO_PORTQ_AHB_DATA_R unused
GPIO_PORTQ_AHB_DEN_R 4006651C

Symbol: GPIO_PORTQ_AHB_DEN_R
   Definitions
      At line 62 in file gpio.s
   Uses
      At line 256 in file gpio.s
Comment: GPIO_PORTQ_AHB_DEN_R used once
GPIO_PORTQ_AHB_DIR_R 40066400

Symbol: GPIO_PORTQ_AHB_DIR_R
   Definitions
      At line 60 in file gpio.s
   Uses
      At line 207 in file gpio.s
Comment: GPIO_PORTQ_AHB_DIR_R used once
GPIO_PORTQ_AHB_LOCK_R 40066520

Symbol: GPIO_PORTQ_AHB_LOCK_R
   Definitions
      At line 56 in file gpio.s
   Uses
      None
Comment: GPIO_PORTQ_AHB_LOCK_R unused
GPIO_PORTQ_AHB_PCTL_R 4006652C

Symbol: GPIO_PORTQ_AHB_PCTL_R
   Definitions
      At line 59 in file gpio.s
   Uses
      At line 190 in file gpio.s
Comment: GPIO_PORTQ_AHB_PCTL_R used once
GPIO_PORTQ_AHB_PUR_R 40066510

Symbol: GPIO_PORTQ_AHB_PUR_R



ARM Macro Assembler    Page 13 Alphabetic symbol ordering
Absolute symbols

   Definitions
      At line 63 in file gpio.s
   Uses
      None
Comment: GPIO_PORTQ_AHB_PUR_R unused
NVIC_EN1_R E000E104

Symbol: NVIC_EN1_R
   Definitions
      At line 115 in file gpio.s
   Uses
      At line 305 in file gpio.s
Comment: NVIC_EN1_R used once
NVIC_PRI12_R E000E430

Symbol: NVIC_PRI12_R
   Definitions
      At line 116 in file gpio.s
   Uses
      At line 310 in file gpio.s
Comment: NVIC_PRI12_R used once
SYSCTL_PRGPIO_R 400FEA08

Symbol: SYSCTL_PRGPIO_R
   Definitions
      At line 9 in file gpio.s
   Uses
      At line 150 in file gpio.s
Comment: SYSCTL_PRGPIO_R used once
SYSCTL_RCGCGPIO_R 400FE608

Symbol: SYSCTL_RCGCGPIO_R
   Definitions
      At line 8 in file gpio.s
   Uses
      At line 139 in file gpio.s
Comment: SYSCTL_RCGCGPIO_R used once
91 symbols



ARM Macro Assembler    Page 1 Alphabetic symbol ordering
External symbols

SysTick_Wait1ms 00000000

Symbol: SysTick_Wait1ms
   Definitions
      At line 129 in file gpio.s
   Uses
      None
Comment: SysTick_Wait1ms unused
1 symbol
435 symbols in table
